
> wishlist_frontend@0.0.0 dev
> vite


  VITE v6.3.5  ready in 469 ms

  ➜  Local:   http://localhost:5173/
  ➜  Network: use --host to expose
2:32:44 PM [vite] (client) hmr update /src/components/SqlVisualizationPanel.jsx, /src/index.css
2:32:50 PM [vite] (client) hmr update /src/components/SqlVisualizationPanel.jsx, /src/index.css
2:42:53 PM [vite] (client) hmr update /src/pages/Items.jsx, /src/index.css
2:42:58 PM [vite] (client) hmr update /src/pages/Dashboard.jsx, /src/index.css
2:43:13 PM [vite] (client) hmr update /src/components/SqlVisualizationPanel.jsx, /src/index.css
2:43:17 PM [vite] (client) hmr update /src/components/MiddlewareVisualization.jsx, /src/index.css
2:43:21 PM [vite] (client) hmr update /src/pages/Dashboard.jsx, /src/index.css
2:43:26 PM [vite] (client) hmr update /src/pages/Dashboard.jsx, /src/index.css
2:43:31 PM [vite] (client) hmr update /src/components/SqlVisualizationPanel.jsx, /src/index.css
2:43:34 PM [vite] (client) hmr update /src/components/MiddlewareVisualization.jsx, /src/index.css
2:53:11 PM [vite] (client) hmr update /src/pages/Dashboard.jsx, /src/index.css
2:53:16 PM [vite] (client) hmr update /src/pages/Dashboard.jsx, /src/index.css
2:53:20 PM [vite] (client) hmr update /src/pages/Dashboard.jsx, /src/index.css
2:54:51 PM [vite] (client) hmr update /src/pages/Dashboard.jsx, /src/index.css
2:54:52 PM [vite] (client) ✨ new dependencies optimized: @radix-ui/react-tabs
2:54:52 PM [vite] (client) ✨ optimized dependencies changed. reloading
2:54:56 PM [vite] (client) hmr update /src/pages/Dashboard.jsx, /src/index.css
2:55:00 PM [vite] (client) hmr update /src/pages/Dashboard.jsx, /src/index.css
2:58:51 PM [vite] (client) hmr update /src/App.jsx, /src/index.css
2:58:55 PM [vite] (client) hmr update /src/App.jsx, /src/index.css
